[main] INFO nopCommerce - *************Launching Browser**************
[main] INFO nopCommerce - *************Opening URL**************
[main] INFO nopCommerce - *************Login Details**************
[main] INFO nopCommerce - *************Click on Login**************
[main] INFO nopCommerce - *************Customer can view Dashboard**************
[main] INFO nopCommerce - *************Clicking on Customer menu**************
[main] INFO nopCommerce - *************Clicking on Customer menuItem**************
[main] INFO nopCommerce - *************Adding new Customer**************
[main] INFO nopCommerce - *************Providing Customer Details**************
[main] INFO nopCommerce - *************Saving Customer Data**************
[main] INFO nopCommerce - *************Closing Browser**************
[main] INFO nopCommerce - *************Launching Browser**************
[main] INFO nopCommerce - *************Opening URL**************
[main] INFO nopCommerce - *************Login Details**************
[main] INFO nopCommerce - *************Click on Login**************
[main] INFO nopCommerce - *************Login Failed**************
[main] INFO nopCommerce - *************Click on Logout**************
[main] INFO nopCommerce - *************Login Failed**************
[main] INFO nopCommerce - *************Closing Browser**************
[main] INFO nopCommerce - *************Launching Browser**************
[main] INFO nopCommerce - *************Opening URL**************
[main] INFO nopCommerce - *************Login Details**************
[main] INFO nopCommerce - *************Click on Login**************
[main] INFO nopCommerce - *************Login Failed**************
[main] INFO nopCommerce - *************Click on Logout**************
[main] INFO nopCommerce - *************Login Failed**************
[main] INFO nopCommerce - *************Closing Browser**************
[main] INFO nopCommerce - *************Launching Browser**************
[main] INFO nopCommerce - *************Opening URL**************
[main] INFO nopCommerce - *************Login Details**************
[main] INFO nopCommerce - *************Click on Login**************
[main] INFO nopCommerce - *************Customer can view Dashboard**************
[main] INFO nopCommerce - *************Clicking on Customer menu**************
[main] INFO nopCommerce - *************Clicking on Customer menuItem**************
[main] INFO nopCommerce - *************Adding new Customer**************
[main] INFO nopCommerce - *************Providing Customer Details**************
[main] INFO nopCommerce - *************Saving Customer Data**************
[main] INFO nopCommerce - *************Closing Browser**************
[main] INFO nopCommerce - *************Launching Browser**************
[main] INFO nopCommerce - *************Opening URL**************
[main] INFO nopCommerce - *************Login Details**************
[main] INFO nopCommerce - *************Click on Login**************
[main] INFO nopCommerce - *************Login Failed**************
[main] INFO nopCommerce - *************Click on Logout**************
[main] INFO nopCommerce - *************Login Failed**************
[main] INFO nopCommerce - *************Closing Browser**************
[main] INFO nopCommerce - *************Launching Browser**************
[main] INFO nopCommerce - *************Opening URL**************
[main] INFO nopCommerce - *************Login Details**************
[main] INFO nopCommerce - *************Click on Login**************
[main] INFO nopCommerce - *************Customer can view Dashboard**************
[main] INFO nopCommerce - *************Clicking on Customer menu**************
[main] INFO nopCommerce - *************Clicking on Customer menuItem**************
[main] INFO nopCommerce - *************Adding new Customer**************
[main] INFO nopCommerce - *************Providing Customer Details**************
[main] INFO nopCommerce - *************Launching Browser**************
[main] INFO nopCommerce - *************Opening URL**************
[main] INFO nopCommerce - *************Login Details**************
[main] INFO nopCommerce - *************Click on Login**************
[main] INFO nopCommerce - *************Login Failed**************
[main] INFO nopCommerce - *************Click on Logout**************
[main] INFO nopCommerce - *************Login Failed**************
[main] INFO nopCommerce - *************Closing Browser**************
[main] INFO nopCommerce - *************Launching Browser**************
[main] INFO nopCommerce - *************Opening URL**************
[main] INFO nopCommerce - *************Login Details**************
[main] INFO nopCommerce - *************Click on Login**************
[main] INFO nopCommerce - *************Customer can view Dashboard**************
[main] INFO nopCommerce - *************Clicking on Customer menu**************
[main] INFO nopCommerce - *************Clicking on Customer menuItem**************
[main] INFO nopCommerce - *************Adding new Customer**************
[main] INFO nopCommerce - *************Providing Customer Details**************
[main] INFO nopCommerce - *************Launching Browser**************
[main] INFO nopCommerce - *************Opening URL**************
[main] INFO nopCommerce - *************Login Details**************
[main] INFO nopCommerce - *************Click on Login**************
[main] INFO nopCommerce - *************Login Failed**************
[main] INFO nopCommerce - *************Click on Logout**************
[main] INFO nopCommerce - *************Login Failed**************
[main] INFO nopCommerce - *************Closing Browser**************
[main] INFO nopCommerce - *************Launching Browser**************
[main] INFO nopCommerce - *************Opening URL**************
[main] INFO nopCommerce - *************Login Details**************
[main] INFO nopCommerce - *************Click on Login**************
[main] INFO nopCommerce - *************Customer can view Dashboard**************
[main] INFO nopCommerce - *************Clicking on Customer menu**************
[main] INFO nopCommerce - *************Clicking on Customer menuItem**************
[main] INFO nopCommerce - *************Adding new Customer**************
[main] INFO nopCommerce - *************Providing Customer Details**************
[main] INFO nopCommerce - *************Launching Browser**************
[main] INFO nopCommerce - *************Opening URL**************
[main] INFO nopCommerce - *************Launching Browser**************
[main] INFO nopCommerce - *************Opening URL**************
[main] INFO nopCommerce - *************Login Details**************
[main] INFO nopCommerce - *************Click on Login**************
[main] INFO nopCommerce - *************Login Failed**************
[main] INFO nopCommerce - *************Click on Logout**************
[main] INFO nopCommerce - *************Login Failed**************
[main] INFO nopCommerce - *************Closing Browser**************
[main] INFO nopCommerce - *************Launching Browser**************
[main] INFO nopCommerce - *************Opening URL**************
[main] INFO nopCommerce - *************Login Details**************
[main] INFO nopCommerce - *************Click on Login**************
[main] INFO nopCommerce - *************Customer can view Dashboard**************
[main] INFO nopCommerce - *************Clicking on Customer menu**************
[main] INFO nopCommerce - *************Clicking on Customer menuItem**************
[main] INFO nopCommerce - *************Adding new Customer**************
[main] INFO nopCommerce - *************Providing Customer Details**************
[main] INFO nopCommerce - *************Launching Browser**************
[main] INFO nopCommerce - *************Opening URL**************
[main] INFO nopCommerce - *************Login Details**************
[main] INFO nopCommerce - *************Click on Login**************
[main] INFO nopCommerce - *************Login Failed**************
[main] INFO nopCommerce - *************Click on Logout**************
[main] INFO nopCommerce - *************Login Failed**************
[main] INFO nopCommerce - *************Closing Browser**************
[main] INFO nopCommerce - *************Launching Browser**************
[main] INFO nopCommerce - *************Opening URL**************
[main] INFO nopCommerce - *************Login Details**************
[main] INFO nopCommerce - *************Click on Login**************
[main] INFO nopCommerce - *************Customer can view Dashboard**************
[main] INFO nopCommerce - *************Clicking on Customer menu**************
[main] INFO nopCommerce - *************Clicking on Customer menuItem**************
[main] INFO nopCommerce - *************Adding new Customer**************
[main] INFO nopCommerce - *************Providing Customer Details**************
[main] INFO nopCommerce - *************Saving Customer Data**************
[main] INFO nopCommerce - *************Closing Browser**************
[main] INFO nopCommerce - *************Launching Browser**************
[main] INFO nopCommerce - *************Opening URL**************
[main] INFO nopCommerce - *************Login Details**************
[main] INFO nopCommerce - *************Click on Login**************
[main] INFO nopCommerce - *************Login Failed**************
[main] INFO nopCommerce - *************Click on Logout**************
[main] INFO nopCommerce - *************Login Failed**************
[main] INFO nopCommerce - *************Closing Browser**************
[main] INFO nopCommerce - *************Launching Browser**************
[main] INFO nopCommerce - *************Opening URL**************
[main] INFO nopCommerce - *************Login Details**************
[main] INFO nopCommerce - *************Click on Login**************
[main] INFO nopCommerce - *************Customer can view Dashboard**************
[main] INFO nopCommerce - *************Clicking on Customer menu**************
[main] INFO nopCommerce - *************Clicking on Customer menuItem**************
[main] INFO nopCommerce - *************Adding new Customer**************
[main] INFO nopCommerce - *************Providing Customer Details**************
[main] INFO nopCommerce - *************Saving Customer Data**************
[main] INFO nopCommerce - *************Closing Browser**************
[main] INFO nopCommerce - *************Launching Browser**************
[main] INFO nopCommerce - *************Opening URL**************
[main] INFO nopCommerce - *************Login Details**************
[main] INFO nopCommerce - *************Click on Login**************
[main] INFO nopCommerce - *************Login Failed**************
[main] INFO nopCommerce - *************Click on Logout**************
[main] INFO nopCommerce - *************Login Failed**************
[main] INFO nopCommerce - *************Closing Browser**************
[main] INFO nopCommerce - *************Launching Browser**************
[main] INFO nopCommerce - *************Opening URL**************
[main] INFO nopCommerce - *************Login Details**************
[main] INFO nopCommerce - *************Click on Login**************
[main] INFO nopCommerce - *************Customer can view Dashboard**************
[main] INFO nopCommerce - *************Clicking on Customer menu**************
[main] INFO nopCommerce - *************Clicking on Customer menuItem**************
[main] INFO nopCommerce - *************Adding new Customer**************
[main] INFO nopCommerce - *************Providing Customer Details**************
[main] INFO nopCommerce - *************Saving Customer Data**************
[main] INFO nopCommerce - *************Closing Browser**************
[main] INFO nopCommerce - *************Launching Browser**************
[main] INFO nopCommerce - *************Opening URL**************
[main] INFO nopCommerce - *************Login Details**************
[main] INFO nopCommerce - *************Click on Login**************
[main] INFO nopCommerce - *************Login Failed**************
[main] INFO nopCommerce - *************Click on Logout**************
[main] INFO nopCommerce - *************Login Failed**************
[main] INFO nopCommerce - *************Closing Browser**************
[main] INFO nopCommerce - *************Launching Browser**************
[main] INFO nopCommerce - *************Opening URL**************
[main] INFO nopCommerce - *************Login Details**************
[main] INFO nopCommerce - *************Click on Login**************
[main] INFO nopCommerce - *************Login Failed**************
[main] INFO nopCommerce - *************Click on Logout**************
[main] INFO nopCommerce - *************Login Failed**************
[main] INFO nopCommerce - *************Closing Browser**************
[main] INFO nopCommerce - *************Launching Browser**************
[main] INFO nopCommerce - *************Opening URL**************
[main] INFO nopCommerce - *************Login Details**************
[main] INFO nopCommerce - *************Click on Login**************
[main] INFO nopCommerce - *************Customer can view Dashboard**************
[main] INFO nopCommerce - *************Clicking on Customer menu**************
[main] INFO nopCommerce - *************Clicking on Customer menuItem**************
[main] INFO nopCommerce - *************Adding new Customer**************
[main] INFO nopCommerce - *************Providing Customer Details**************
[main] INFO nopCommerce - *************Saving Customer Data**************
[main] INFO nopCommerce - *************Closing Browser**************
[main] INFO nopCommerce - *************Launching Browser**************
[main] INFO nopCommerce - *************Opening URL**************
[main] INFO nopCommerce - *************Login Details**************
[main] INFO nopCommerce - *************Click on Login**************
[main] INFO nopCommerce - *************Login Failed**************
[main] INFO nopCommerce - *************Click on Logout**************
[main] INFO nopCommerce - *************Login Failed**************
[main] INFO nopCommerce - *************Closing Browser**************
